This file contains any messages produced by compilers while
running configure, to aid debugging if configure makes a mistake.

It was created by hd2u configure 1.0.0, which was
generated by GNU Autoconf 2.59.  Invocation command line was

  $ ./configure 

## --------- ##
## Platform. ##
## --------- ##

hostname = localhost.localdomain
uname -m = x86_64
uname -r = 2.6.32-504.23.4.el6.x86_64
uname -s = Linux
uname -v = #1 SMP Tue Jun 9 11:55:03 CDT 2015

/usr/bin/uname -p = unknown
/bin/uname -X     = unknown

/bin/arch              = x86_64
/usr/bin/arch -k       = unknown
/usr/convex/getsysinfo = unknown
hostinfo               = unknown
/bin/machine           = unknown
/usr/bin/oslevel       = unknown
/bin/universe          = unknown

PATH: /usr/local/Python/3.3.2/bin
PATH: /usr/local/geant4.10.02.b01/bin
PATH: /usr/local/bin
PATH: /usr/local/firefox
PATH: /usr/local/Qt/4.8.6/bin
PATH: /usr/local/SublimeText
PATH: /usr/local/valgrind/3.8.1/bin
PATH: /usr/local/jre1.7.0_25_x64/bin
PATH: /usr/local/grace/5.1.23/grace/bin
PATH: /opt/openoffice.org3/program
PATH: /usr/local/sourcenavigator/bin
PATH: /usr/X11R6/bin/
PATH: /bin
PATH: /usr/bin
PATH: /usr/sbin
PATH: /usr/local/Modules/3.2.10/bin
PATH: .
PATH: /home/local1
PATH: ~/geant4/work/bin/Linux-g++
PATH: /usr/local/OpenScientist/16.11.7/bin
PATH: /usr/local/root/5.34.32/bin


## ----------- ##
## Core tests. ##
## ----------- ##

configure:1306: result: Configuring hd2u 1.0.0
configure:1356: checking for gcc
configure:1372: found /usr/bin/gcc
configure:1382: result: gcc
configure:1626: checking for C compiler version
configure:1629: gcc --version </dev/null >&5
gcc (GCC) 4.4.7 20120313 (Red Hat 4.4.7-16)
Copyright (C) 2010 Free Software Foundation, Inc.
This is free software; see the source for copying conditions.  There is NO
warranty; not even for MERCHANTABILITY or FITNESS FOR A PARTICULAR PURPOSE.

configure:1632: $? = 0
configure:1634: gcc -v </dev/null >&5
Using built-in specs.
Target: x86_64-redhat-linux
Configured with: ../configure --prefix=/usr --mandir=/usr/share/man --infodir=/usr/share/info --with-bugurl=http://bugzilla.redhat.com/bugzilla --enable-bootstrap --enable-shared --enable-threads=posix --enable-checking=release --with-system-zlib --enable-__cxa_atexit --disable-libunwind-exceptions --enable-gnu-unique-object --enable-languages=c,c++,objc,obj-c++,java,fortran,ada --enable-java-awt=gtk --disable-dssi --with-java-home=/usr/lib/jvm/java-1.5.0-gcj-1.5.0.0/jre --enable-libgcj-multifile --enable-java-maintainer-mode --with-ecj-jar=/usr/share/java/eclipse-ecj.jar --disable-libjava-multilib --with-ppl --with-cloog --with-tune=generic --with-arch_32=i686 --build=x86_64-redhat-linux
Thread model: posix
gcc version 4.4.7 20120313 (Red Hat 4.4.7-16) (GCC) 
configure:1637: $? = 0
configure:1639: gcc -V </dev/null >&5
gcc: '-V' option must have argument
configure:1642: $? = 1
configure:1665: checking for C compiler default output file name
configure:1668: gcc    conftest.c  >&5
configure:1671: $? = 0
configure:1717: result: a.out
configure:1722: checking whether the C compiler works
configure:1728: ./a.out
configure:1731: $? = 0
configure:1748: result: yes
configure:1755: checking whether we are cross compiling
configure:1757: result: no
configure:1760: checking for suffix of executables
configure:1762: gcc -o conftest    conftest.c  >&5
configure:1765: $? = 0
configure:1790: result: 
configure:1796: checking for suffix of object files
configure:1817: gcc -c   conftest.c >&5
configure:1820: $? = 0
configure:1842: result: o
configure:1846: checking whether we are using the GNU C compiler
configure:1870: gcc -c   conftest.c >&5
configure:1876: $? = 0
configure:1880: test -z 
			 || test ! -s conftest.err
configure:1883: $? = 0
configure:1886: test -s conftest.o
configure:1889: $? = 0
configure:1902: result: yes
configure:1908: checking whether gcc accepts -g
configure:1929: gcc -c -g  conftest.c >&5
configure:1935: $? = 0
configure:1939: test -z 
			 || test ! -s conftest.err
configure:1942: $? = 0
configure:1945: test -s conftest.o
configure:1948: $? = 0
configure:1959: result: yes
configure:1976: checking for gcc option to accept ANSI C
configure:2046: gcc  -c -g -O2  conftest.c >&5
configure:2052: $? = 0
configure:2056: test -z 
			 || test ! -s conftest.err
configure:2059: $? = 0
configure:2062: test -s conftest.o
configure:2065: $? = 0
configure:2083: result: none needed
configure:2101: gcc -c -g -O2  conftest.c >&5
conftest.c:2: error: expected '=', ',', ';', 'asm' or '__attribute__' before 'me'
configure:2107: $? = 1
configure: failed program was:
| #ifndef __cplusplus
|   choke me
| #endif
configure:2278: checking for a BSD-compatible install
configure:2333: result: /usr/bin/install -c
configure:2347: checking for getopt_long in -lpopt
configure:2377: gcc -o conftest -g -O2   conftest.c -lpopt   >&5
configure:2383: $? = 0
configure:2387: test -z 
			 || test ! -s conftest.err
configure:2390: $? = 0
configure:2393: test -s conftest
configure:2396: $? = 0
configure:2409: result: yes
configure:2426: checking how to run the C preprocessor
configure:2461: gcc -E  conftest.c
configure:2467: $? = 0
configure:2499: gcc -E  conftest.c
conftest.c:9:28: error: ac_nonexistent.h: No such file or directory
configure:2505: $? = 1
configure: failed program was:
| /* confdefs.h.  */
| 
| #define PACKAGE_NAME "hd2u"
| #define PACKAGE_TARNAME "hd2u"
| #define PACKAGE_VERSION "1.0.0"
| #define PACKAGE_STRING "hd2u 1.0.0"
| #define PACKAGE_BUGREPORT "hanecak+hd2u@megaloman.sk"
| /* end confdefs.h.  */
| #include <ac_nonexistent.h>
configure:2544: result: gcc -E
configure:2568: gcc -E  conftest.c
configure:2574: $? = 0
configure:2606: gcc -E  conftest.c
conftest.c:9:28: error: ac_nonexistent.h: No such file or directory
configure:2612: $? = 1
configure: failed program was:
| /* confdefs.h.  */
| 
| #define PACKAGE_NAME "hd2u"
| #define PACKAGE_TARNAME "hd2u"
| #define PACKAGE_VERSION "1.0.0"
| #define PACKAGE_STRING "hd2u 1.0.0"
| #define PACKAGE_BUGREPORT "hanecak+hd2u@megaloman.sk"
| /* end confdefs.h.  */
| #include <ac_nonexistent.h>
configure:2656: checking for egrep
configure:2666: result: grep -E
configure:2671: checking for ANSI C header files
configure:2696: gcc -c -g -O2  conftest.c >&5
configure:2702: $? = 0
configure:2706: test -z 
			 || test ! -s conftest.err
configure:2709: $? = 0
configure:2712: test -s conftest.o
configure:2715: $? = 0
configure:2804: gcc -o conftest -g -O2   conftest.c -lpopt  >&5
conftest.c: In function 'main':
conftest.c:26: warning: incompatible implicit declaration of built-in function 'exit'
configure:2807: $? = 0
configure:2809: ./conftest
configure:2812: $? = 0
configure:2827: result: yes
configure:2851: checking for sys/types.h
configure:2867: gcc -c -g -O2  conftest.c >&5
configure:2873: $? = 0
configure:2877: test -z 
			 || test ! -s conftest.err
configure:2880: $? = 0
configure:2883: test -s conftest.o
configure:2886: $? = 0
configure:2897: result: yes
configure:2851: checking for sys/stat.h
configure:2867: gcc -c -g -O2  conftest.c >&5
configure:2873: $? = 0
configure:2877: test -z 
			 || test ! -s conftest.err
configure:2880: $? = 0
configure:2883: test -s conftest.o
configure:2886: $? = 0
configure:2897: result: yes
configure:2851: checking for stdlib.h
configure:2867: gcc -c -g -O2  conftest.c >&5
configure:2873: $? = 0
configure:2877: test -z 
			 || test ! -s conftest.err
configure:2880: $? = 0
configure:2883: test -s conftest.o
configure:2886: $? = 0
configure:2897: result: yes
configure:2851: checking for string.h
configure:2867: gcc -c -g -O2  conftest.c >&5
configure:2873: $? = 0
configure:2877: test -z 
			 || test ! -s conftest.err
configure:2880: $? = 0
configure:2883: test -s conftest.o
configure:2886: $? = 0
configure:2897: result: yes
configure:2851: checking for memory.h
configure:2867: gcc -c -g -O2  conftest.c >&5
configure:2873: $? = 0
configure:2877: test -z 
			 || test ! -s conftest.err
configure:2880: $? = 0
configure:2883: test -s conftest.o
configure:2886: $? = 0
configure:2897: result: yes
configure:2851: checking for strings.h
configure:2867: gcc -c -g -O2  conftest.c >&5
configure:2873: $? = 0
configure:2877: test -z 
			 || test ! -s conftest.err
configure:2880: $? = 0
configure:2883: test -s conftest.o
configure:2886: $? = 0
configure:2897: result: yes
configure:2851: checking for inttypes.h
configure:2867: gcc -c -g -O2  conftest.c >&5
configure:2873: $? = 0
configure:2877: test -z 
			 || test ! -s conftest.err
configure:2880: $? = 0
configure:2883: test -s conftest.o
configure:2886: $? = 0
configure:2897: result: yes
configure:2851: checking for stdint.h
configure:2867: gcc -c -g -O2  conftest.c >&5
configure:2873: $? = 0
configure:2877: test -z 
			 || test ! -s conftest.err
configure:2880: $? = 0
configure:2883: test -s conftest.o
configure:2886: $? = 0
configure:2897: result: yes
configure:2851: checking for unistd.h
configure:2867: gcc -c -g -O2  conftest.c >&5
configure:2873: $? = 0
configure:2877: test -z 
			 || test ! -s conftest.err
configure:2880: $? = 0
configure:2883: test -s conftest.o
configure:2886: $? = 0
configure:2897: result: yes
configure:2916: checking for stdlib.h
configure:2921: result: yes
configure:2916: checking for string.h
configure:2921: result: yes
configure:2916: checking for unistd.h
configure:2921: result: yes
configure:3063: checking for mode_t
configure:3087: gcc -c -g -O2  conftest.c >&5
configure:3093: $? = 0
configure:3097: test -z 
			 || test ! -s conftest.err
configure:3100: $? = 0
configure:3103: test -s conftest.o
configure:3106: $? = 0
configure:3117: result: yes
configure:3136: checking for stdlib.h
configure:3141: result: yes
configure:3281: checking for GNU libc compatible malloc
configure:3310: gcc -o conftest -g -O2   conftest.c -lpopt  >&5
configure:3313: $? = 0
configure:3315: ./conftest
configure:3318: $? = 0
configure:3332: result: yes
configure:3362: checking whether lstat dereferences a symlink specified with a trailing slash
configure:3422: result: no
configure:3443: checking whether stat accepts an empty string
configure:3468: gcc -o conftest -g -O2   conftest.c -lpopt  >&5
configure:3471: $? = 0
configure:3473: ./conftest
configure:3476: $? = 1
configure: program exited with status 1
configure: failed program was:
| /* confdefs.h.  */
| 
| #define PACKAGE_NAME "hd2u"
| #define PACKAGE_TARNAME "hd2u"
| #define PACKAGE_VERSION "1.0.0"
| #define PACKAGE_STRING "hd2u 1.0.0"
| #define PACKAGE_BUGREPORT "hanecak+hd2u@megaloman.sk"
| #define STDC_HEADERS 1
| #define HAVE_SYS_TYPES_H 1
| #define HAVE_SYS_STAT_H 1
| #define HAVE_STDLIB_H 1
| #define HAVE_STRING_H 1
| #define HAVE_MEMORY_H 1
| #define HAVE_STRINGS_H 1
| #define HAVE_INTTYPES_H 1
| #define HAVE_STDINT_H 1
| #define HAVE_UNISTD_H 1
| #define HAVE_STDLIB_H 1
| #define HAVE_STRING_H 1
| #define HAVE_UNISTD_H 1
| #define HAVE_STDLIB_H 1
| #define HAVE_MALLOC 1
| /* end confdefs.h.  */
| #include <stdio.h>
| #if HAVE_SYS_TYPES_H
| # include <sys/types.h>
| #endif
| #if HAVE_SYS_STAT_H
| # include <sys/stat.h>
| #endif
| #if STDC_HEADERS
| # include <stdlib.h>
| # include <stddef.h>
| #else
| # if HAVE_STDLIB_H
| #  include <stdlib.h>
| # endif
| #endif
| #if HAVE_STRING_H
| # if !STDC_HEADERS && HAVE_MEMORY_H
| #  include <memory.h>
| # endif
| # include <string.h>
| #endif
| #if HAVE_STRINGS_H
| # include <strings.h>
| #endif
| #if HAVE_INTTYPES_H
| # include <inttypes.h>
| #else
| # if HAVE_STDINT_H
| #  include <stdint.h>
| # endif
| #endif
| #if HAVE_UNISTD_H
| # include <unistd.h>
| #endif
| int
| main ()
| {
| struct stat sbuf;
|   exit (stat ("", &sbuf) ? 1 : 0);
|   ;
|   return 0;
| }
configure:3490: result: no
configure:3606: creating ./config.status

## ---------------------- ##
## Running config.status. ##
## ---------------------- ##

This file was extended by hd2u config.status 1.0.0, which was
generated by GNU Autoconf 2.59.  Invocation command line was

  CONFIG_FILES    = 
  CONFIG_HEADERS  = 
  CONFIG_LINKS    = 
  CONFIG_COMMANDS = 
  $ ./config.status 

on localhost.localdomain

config.status:649: creating Makefile
config.status:753: creating config.h

## ---------------- ##
## Cache variables. ##
## ---------------- ##

ac_cv_c_compiler_gnu=yes
ac_cv_env_CC_set=
ac_cv_env_CC_value=
ac_cv_env_CFLAGS_set=
ac_cv_env_CFLAGS_value=
ac_cv_env_CPPFLAGS_set=
ac_cv_env_CPPFLAGS_value=
ac_cv_env_CPP_set=
ac_cv_env_CPP_value=
ac_cv_env_LDFLAGS_set=
ac_cv_env_LDFLAGS_value=
ac_cv_env_build_alias_set=
ac_cv_env_build_alias_value=
ac_cv_env_host_alias_set=
ac_cv_env_host_alias_value=
ac_cv_env_target_alias_set=
ac_cv_env_target_alias_value=
ac_cv_exeext=
ac_cv_func_lstat_dereferences_slashed_symlink=no
ac_cv_func_malloc_0_nonnull=yes
ac_cv_func_stat_empty_string_bug=no
ac_cv_header_inttypes_h=yes
ac_cv_header_memory_h=yes
ac_cv_header_stdc=yes
ac_cv_header_stdint_h=yes
ac_cv_header_stdlib_h=yes
ac_cv_header_string_h=yes
ac_cv_header_strings_h=yes
ac_cv_header_sys_stat_h=yes
ac_cv_header_sys_types_h=yes
ac_cv_header_unistd_h=yes
ac_cv_lib_popt_getopt_long=yes
ac_cv_objext=o
ac_cv_path_install='/usr/bin/install -c'
ac_cv_prog_CPP='gcc -E'
ac_cv_prog_ac_ct_CC=gcc
ac_cv_prog_cc_g=yes
ac_cv_prog_cc_stdc=
ac_cv_prog_egrep='grep -E'
ac_cv_type_mode_t=yes

## ----------------- ##
## Output variables. ##
## ----------------- ##

CC='gcc'
CFLAGS='-g -O2'
CPP='gcc -E'
CPPFLAGS=''
DEFS='-DHAVE_CONFIG_H'
ECHO_C=''
ECHO_N='-n'
ECHO_T=''
EGREP='grep -E'
EXEEXT=''
INSTALL_DATA='${INSTALL} -m 644'
INSTALL_PROGRAM='${INSTALL}'
INSTALL_SCRIPT='${INSTALL}'
LDFLAGS=''
LIBOBJS=' lstat$U.o'
LIBS='-lpopt '
LTLIBOBJS=' lstat$U.lo'
OBJEXT='o'
PACKAGE_BUGREPORT='hanecak+hd2u@megaloman.sk'
PACKAGE_NAME='hd2u'
PACKAGE_STRING='hd2u 1.0.0'
PACKAGE_TARNAME='hd2u'
PACKAGE_VERSION='1.0.0'
PATH_SEPARATOR=':'
SHELL='/bin/sh'
ac_ct_CC='gcc'
bindir='${exec_prefix}/bin'
build_alias=''
datadir='${prefix}/share'
exec_prefix='${prefix}'
host_alias=''
includedir='${prefix}/include'
infodir='${prefix}/info'
libdir='${exec_prefix}/lib'
libexecdir='${exec_prefix}/libexec'
localstatedir='${prefix}/var'
mandir='${prefix}/man'
oldincludedir='/usr/include'
prefix='/usr/local'
program_transform_name='s,x,x,'
sbindir='${exec_prefix}/sbin'
sharedstatedir='${prefix}/com'
sysconfdir='${prefix}/etc'
target_alias=''

## ----------- ##
## confdefs.h. ##
## ----------- ##

#define HAVE_INTTYPES_H 1
#define HAVE_MALLOC 1
#define HAVE_MEMORY_H 1
#define HAVE_STDINT_H 1
#define HAVE_STDLIB_H 1
#define HAVE_STDLIB_H 1
#define HAVE_STDLIB_H 1
#define HAVE_STRINGS_H 1
#define HAVE_STRING_H 1
#define HAVE_STRING_H 1
#define HAVE_SYS_STAT_H 1
#define HAVE_SYS_TYPES_H 1
#define HAVE_UNISTD_H 1
#define HAVE_UNISTD_H 1
#define PACKAGE_BUGREPORT "hanecak+hd2u@megaloman.sk"
#define PACKAGE_NAME "hd2u"
#define PACKAGE_STRING "hd2u 1.0.0"
#define PACKAGE_TARNAME "hd2u"
#define PACKAGE_VERSION "1.0.0"
#define STDC_HEADERS 1

configure: exit 0
